<?xml version="1.0" encoding="UTF-8"?>
<!-- Generated by org.testng.reporters.JUnitXMLReporter -->
<testsuite hostname="DESKTOP-L875C3M" ignored="0" name="Default test" tests="2" failures="0" timestamp="16 Jun 2022 11:28:17 GMT" time="21.212" errors="0">
  <testcase name="verifyRegisterationAffirmative" time="11.553" classname="scripts.VerifyRegisterationTest"/>
  <testcase name="verifyRegisterationNegative" time="5.034" classname="scripts.VerifyRegisterationTest"/>
</testsuite> <!-- Default test -->
