<?xml version="1.0" encoding="UTF-8"?>
<!-- Generated by org.testng.reporters.JUnitXMLReporter -->
<testsuite hostname="DESKTOP-L875C3M" ignored="0" name="Test" tests="8" failures="0" timestamp="16 Jun 2022 11:31:42 GMT" time="74.531" errors="0">
  <testcase name="verifyAddedProductsInUserCart" time="7.881" classname="scripts.VerifyCartProductTest"/>
  <testcase name="VerifyCheckoutBillingAddress" time="4.546" classname="scripts.VerifyCartProductTest"/>
  <testcase name="verifyFinalPriceOfAddedProducts" time="1.935" classname="scripts.VerifyCartProductTest"/>
  <testcase name="verifyFinalOrderPlaced" time="12.496" classname="scripts.VerifyCartProductTest"/>
  <testcase name="verifyRegisterationAffirmative" time="11.16" classname="scripts.VerifyRegisterationTest"/>
  <testcase name="verifyRegisterationNegative" time="4.634" classname="scripts.VerifyRegisterationTest"/>
  <testcase name="verifyLoginAffirmative" time="6.185" classname="scripts.VerifyLoginTest"/>
  <testcase name="verifyLoginNegative" time="3.576" classname="scripts.VerifyLoginTest"/>
</testsuite> <!-- Test -->
